<?xml version="1.0" encoding="UTF-8"?>
<testsuite name="ru.msu.web.system.PaymentSystemTest" tests="5" skipped="0" failures="0" errors="0" timestamp="2026-04-28T17:27:14" hostname="cdecl" time="103.156">
  <properties/>
  <testcase name="employeeExpenseReport_summary()" classname="ru.msu.web.system.PaymentSystemTest" time="22.075"/>
  <testcase name="createPayment_success()" classname="ru.msu.web.system.PaymentSystemTest" time="21.459"/>
  <testcase name="editPayment_success()" classname="ru.msu.web.system.PaymentSystemTest" time="23.046"/>
  <testcase name="paymentReportEndpoints_printAndExport()" classname="ru.msu.web.system.PaymentSystemTest" time="17.276"/>
  <testcase name="listPayments_salaryReport()" classname="ru.msu.web.system.PaymentSystemTest" time="19.3"/>
  <system-out><![CDATA[]]></system-out>
  <system-err><![CDATA[Apr 28, 2026 8:27:36 PM org.openqa.selenium.os.ExternalProcess$Builder lambda$start$0
WARNING: failed to copy the output of process 2229072
java.io.IOException: Stream closed
	at java.base/java.io.BufferedInputStream.getBufIfOpen(BufferedInputStream.java:168)
	at java.base/java.io.BufferedInputStream.read(BufferedInputStream.java:334)
	at java.base/java.io.InputStream.transferTo(InputStream.java:782)
	at org.openqa.selenium.os.ExternalProcess$Builder.lambda$start$0(ExternalProcess.java:209)
	at java.base/java.lang.Thread.run(Thread.java:840)

Apr 28, 2026 8:27:58 PM org.openqa.selenium.os.ExternalProcess$Builder lambda$start$0
WARNING: failed to copy the output of process 2229831
java.io.IOException: Stream closed
	at java.base/java.io.BufferedInputStream.getBufIfOpen(BufferedInputStream.java:168)
	at java.base/java.io.BufferedInputStream.read(BufferedInputStream.java:334)
	at java.base/java.io.InputStream.transferTo(InputStream.java:782)
	at org.openqa.selenium.os.ExternalProcess$Builder.lambda$start$0(ExternalProcess.java:209)
	at java.base/java.lang.Thread.run(Thread.java:840)

Apr 28, 2026 8:28:21 PM org.openqa.selenium.os.ExternalProcess$Builder lambda$start$0
WARNING: failed to copy the output of process 2230547
java.io.IOException: Stream closed
	at java.base/java.io.BufferedInputStream.getBufIfOpen(BufferedInputStream.java:168)
	at java.base/java.io.BufferedInputStream.read(BufferedInputStream.java:334)
	at java.base/java.io.InputStream.transferTo(InputStream.java:782)
	at org.openqa.selenium.os.ExternalProcess$Builder.lambda$start$0(ExternalProcess.java:209)
	at java.base/java.lang.Thread.run(Thread.java:840)

Apr 28, 2026 8:28:38 PM org.openqa.selenium.os.ExternalProcess$Builder lambda$start$0
WARNING: failed to copy the output of process 2231290
java.io.IOException: Stream closed
	at java.base/java.io.BufferedInputStream.getBufIfOpen(BufferedInputStream.java:168)
	at java.base/java.io.BufferedInputStream.read(BufferedInputStream.java:334)
	at java.base/java.io.InputStream.transferTo(InputStream.java:782)
	at org.openqa.selenium.os.ExternalProcess$Builder.lambda$start$0(ExternalProcess.java:209)
	at java.base/java.lang.Thread.run(Thread.java:840)

Apr 28, 2026 8:28:57 PM org.openqa.selenium.os.ExternalProcess$Builder lambda$start$0
WARNING: failed to copy the output of process 2231939
java.io.IOException: Stream closed
	at java.base/java.io.BufferedInputStream.getBufIfOpen(BufferedInputStream.java:168)
	at java.base/java.io.BufferedInputStream.read(BufferedInputStream.java:334)
	at java.base/java.io.InputStream.transferTo(InputStream.java:782)
	at org.openqa.selenium.os.ExternalProcess$Builder.lambda$start$0(ExternalProcess.java:209)
	at java.base/java.lang.Thread.run(Thread.java:840)

]]></system-err>
</testsuite>
