<?xml version="1.0" encoding="UTF-8"?>
<testsuite name="ru.msu.web.dao.PaymentDaoTest" tests="15" skipped="0" failures="0" errors="0" timestamp="2026-03-26T13:51:24" hostname="cdecl" time="0.153">
  <properties/>
  <testcase name="findByEmployee_notFound()" classname="ru.msu.web.dao.PaymentDaoTest" time="0.006"/>
  <testcase name="findByAmountRange_found()" classname="ru.msu.web.dao.PaymentDaoTest" time="0.013"/>
  <testcase name="findByPolicyType_found()" classname="ru.msu.web.dao.PaymentDaoTest" time="0.02"/>
  <testcase name="getTotalByAssignment_found()" classname="ru.msu.web.dao.PaymentDaoTest" time="0.009"/>
  <testcase name="findByDateRange_notFound()" classname="ru.msu.web.dao.PaymentDaoTest" time="0.006"/>
  <testcase name="findAll_returnsAllPayments()" classname="ru.msu.web.dao.PaymentDaoTest" time="0.018"/>
  <testcase name="findByAmountRange_notFound()" classname="ru.msu.web.dao.PaymentDaoTest" time="0.006"/>
  <testcase name="findUnpaid_returnsUnpaidPayments()" classname="ru.msu.web.dao.PaymentDaoTest" time="0.008"/>
  <testcase name="save_createsNewPayment()" classname="ru.msu.web.dao.PaymentDaoTest" time="0.008"/>
  <testcase name="findById_found()" classname="ru.msu.web.dao.PaymentDaoTest" time="0.005"/>
  <testcase name="getTotalByEmployeeAndPeriod_found()" classname="ru.msu.web.dao.PaymentDaoTest" time="0.008"/>
  <testcase name="findByEmployee_found()" classname="ru.msu.web.dao.PaymentDaoTest" time="0.008"/>
  <testcase name="getTotalByAssignment_notFound()" classname="ru.msu.web.dao.PaymentDaoTest" time="0.004"/>
  <testcase name="findByDateRange_found()" classname="ru.msu.web.dao.PaymentDaoTest" time="0.01"/>
  <testcase name="getTotalByEmployeeAndPeriod_notFound()" classname="ru.msu.web.dao.PaymentDaoTest" time="0.006"/>
  <system-out><![CDATA[2026-03-26T16:51:24.797+03:00  INFO 1702563 --- [    Test worker] t.c.s.AnnotationConfigContextLoaderUtils : Could not detect default configuration classes for test class [ru.msu.web.dao.PaymentDaoTest]: PaymentDaoTest does not declare any static, non-private, non-final, nested classes annotated with @Configuration.
2026-03-26T16:51:24.801+03:00  INFO 1702563 --- [    Test worker] .b.t.c.SpringBootTestContextBootstrapper : Found @SpringBootConfiguration ru.msu.web.WebApplication for test class ru.msu.web.dao.PaymentDaoTest
Hibernate: 
    select
        p1_0.paymentid,
        p1_0.amount,
        p1_0.assignmentid,
        p1_0.paymentdate,
        p1_0.periodend,
        p1_0.periodstart,
        p1_0.policyid,
        p1_0.istransactioned 
    from
        payments p1_0 
    join
        assignments a1_0 
            on a1_0.assignmentid=p1_0.assignmentid 
    where
        a1_0.employeeid=?
Hibernate: 
    select
        p1_0.paymentid,
        p1_0.amount,
        p1_0.assignmentid,
        p1_0.paymentdate,
        p1_0.periodend,
        p1_0.periodstart,
        p1_0.policyid,
        p1_0.istransactioned 
    from
        payments p1_0 
    where
        p1_0.amount between ? and ?
Hibernate: 
    select
        p1_0.paymentid,
        p1_0.amount,
        p1_0.assignmentid,
        p1_0.paymentdate,
        p1_0.periodend,
        p1_0.periodstart,
        p1_0.policyid,
        p1_0.istransactioned 
    from
        payments p1_0 
    join
        paymentpolicies p2_0 
            on p2_0.policyid=p1_0.policyid 
    where
        p2_0.policytype=?
Hibernate: 
    select
        coalesce(sum(p1_0.amount), 0) 
    from
        payments p1_0 
    where
        p1_0.assignmentid=?
Hibernate: 
    select
        p1_0.paymentid,
        p1_0.amount,
        p1_0.assignmentid,
        p1_0.paymentdate,
        p1_0.periodend,
        p1_0.periodstart,
        p1_0.policyid,
        p1_0.istransactioned 
    from
        payments p1_0 
    where
        p1_0.paymentdate between ? and ?
Hibernate: 
    select
        p1_0.paymentid,
        p1_0.amount,
        p1_0.assignmentid,
        p1_0.paymentdate,
        p1_0.periodend,
        p1_0.periodstart,
        p1_0.policyid,
        p1_0.istransactioned 
    from
        payments p1_0
Hibernate: 
    select
        p1_0.paymentid,
        p1_0.amount,
        p1_0.assignmentid,
        p1_0.paymentdate,
        p1_0.periodend,
        p1_0.periodstart,
        p1_0.policyid,
        p1_0.istransactioned 
    from
        payments p1_0 
    where
        p1_0.amount between ? and ?
Hibernate: 
    select
        p1_0.paymentid,
        p1_0.amount,
        p1_0.assignmentid,
        p1_0.paymentdate,
        p1_0.periodend,
        p1_0.periodstart,
        p1_0.policyid,
        p1_0.istransactioned 
    from
        payments p1_0 
    where
        p1_0.istransactioned=?
Hibernate: 
    insert 
    into
        payments
        (amount, assignmentid, paymentdate, periodend, periodstart, policyid, istransactioned) 
    values
        (?, ?, ?, ?, ?, ?, ?)
Hibernate: 
    select
        p1_0.paymentid,
        p1_0.amount,
        p1_0.assignmentid,
        p1_0.paymentdate,
        p1_0.periodend,
        p1_0.periodstart,
        p1_0.policyid,
        p1_0.istransactioned 
    from
        payments p1_0 
    where
        p1_0.paymentid=?
Hibernate: 
    select
        coalesce(sum(p1_0.amount), 0) 
    from
        payments p1_0 
    join
        assignments a1_0 
            on a1_0.assignmentid=p1_0.assignmentid 
    where
        a1_0.employeeid=? 
        and p1_0.periodstart>=? 
        and p1_0.periodend<=?
Hibernate: 
    select
        p1_0.paymentid,
        p1_0.amount,
        p1_0.assignmentid,
        p1_0.paymentdate,
        p1_0.periodend,
        p1_0.periodstart,
        p1_0.policyid,
        p1_0.istransactioned 
    from
        payments p1_0 
    join
        assignments a1_0 
            on a1_0.assignmentid=p1_0.assignmentid 
    where
        a1_0.employeeid=?
Hibernate: 
    select
        coalesce(sum(p1_0.amount), 0) 
    from
        payments p1_0 
    where
        p1_0.assignmentid=?
Hibernate: 
    select
        p1_0.paymentid,
        p1_0.amount,
        p1_0.assignmentid,
        p1_0.paymentdate,
        p1_0.periodend,
        p1_0.periodstart,
        p1_0.policyid,
        p1_0.istransactioned 
    from
        payments p1_0 
    where
        p1_0.paymentdate between ? and ?
Hibernate: 
    select
        coalesce(sum(p1_0.amount), 0) 
    from
        payments p1_0 
    join
        assignments a1_0 
            on a1_0.assignmentid=p1_0.assignmentid 
    where
        a1_0.employeeid=? 
        and p1_0.periodstart>=? 
        and p1_0.periodend<=?
]]></system-out>
  <system-err><![CDATA[]]></system-err>
</testsuite>
