<?xml version="1.0" encoding="UTF-8"?>
<testsuite name="ru.msu.web.dao.AssignmentDaoTest" tests="12" skipped="0" failures="0" errors="0" timestamp="2026-03-24T22:34:23" hostname="cdecl" time="1.204">
  <properties/>
  <testcase name="assignToProject_valid()" classname="ru.msu.web.dao.AssignmentDaoTest" time="1.017"/>
  <testcase name="getCurrentEmployeeAssignments_found()" classname="ru.msu.web.dao.AssignmentDaoTest" time="0.082"/>
  <testcase name="getCurrentEmployeeAssignments_notFound()" classname="ru.msu.web.dao.AssignmentDaoTest" time="0.009"/>
  <testcase name="getCurrentProjectMembers_notFound()" classname="ru.msu.web.dao.AssignmentDaoTest" time="0.011"/>
  <testcase name="getEmployeeAssignments_notFound()" classname="ru.msu.web.dao.AssignmentDaoTest" time="0.009"/>
  <testcase name="removeFromProject_invalid()" classname="ru.msu.web.dao.AssignmentDaoTest" time="0.008"/>
  <testcase name="removeFromProject_valid()" classname="ru.msu.web.dao.AssignmentDaoTest" time="0.011"/>
  <testcase name="getCurrentProjectMembers_found()" classname="ru.msu.web.dao.AssignmentDaoTest" time="0.011"/>
  <testcase name="getProjectAssignments_found()" classname="ru.msu.web.dao.AssignmentDaoTest" time="0.012"/>
  <testcase name="getEmployeeAssignments_found()" classname="ru.msu.web.dao.AssignmentDaoTest" time="0.008"/>
  <testcase name="getProjectAssignments_notFound()" classname="ru.msu.web.dao.AssignmentDaoTest" time="0.009"/>
  <testcase name="assignToProject_invalid()" classname="ru.msu.web.dao.AssignmentDaoTest" time="0.005"/>
  <system-out><![CDATA[01:33:59.423 [Test worker] INFO org.springframework.test.context.support.AnnotationConfigContextLoaderUtils -- Could not detect default configuration classes for test class [ru.msu.web.dao.AssignmentDaoTest]: AssignmentDaoTest does not declare any static, non-private, non-final, nested classes annotated with @Configuration.
01:33:59.653 [Test worker] INFO org.springframework.boot.test.context.SpringBootTestContextBootstrapper -- Found @SpringBootConfiguration ru.msu.web.WebApplication for test class ru.msu.web.dao.AssignmentDaoTest
01:33:59.938 [Test worker] INFO org.testcontainers.images.PullPolicy -- Image pull policy will be performed by: DefaultPullPolicy()
01:33:59.948 [Test worker] INFO org.testcontainers.utility.ImageNameSubstitutor -- Image name substitution will be performed by: DefaultImageNameSubstitutor (composite of 'ConfigurationFileImageNameSubstitutor' and 'PrefixingImageNameSubstitutor')
01:34:00.345 [Test worker] INFO org.testcontainers.dockerclient.DockerClientProviderStrategy -- Loaded org.testcontainers.dockerclient.UnixSocketClientProviderStrategy from ~/.testcontainers.properties, will try it first
01:34:00.871 [Test worker] INFO org.testcontainers.dockerclient.DockerClientProviderStrategy -- Found Docker environment with local Unix socket (unix:///var/run/docker.sock)
01:34:00.873 [Test worker] INFO org.testcontainers.DockerClientFactory -- Docker host IP address is localhost
01:34:00.893 [Test worker] INFO org.testcontainers.DockerClientFactory -- Connected to docker: 
  Server Version: 28.4.0
  API Version: 1.51
  Operating System: Ubuntu Core 24
  Total Memory: 15841 MB
01:34:00.933 [Test worker] INFO tc.testcontainers/ryuk:0.6.0 -- Creating container for image: testcontainers/ryuk:0.6.0
01:34:00.941 [Test worker] INFO org.testcontainers.utility.RegistryAuthLocator -- Failure when attempting to lookup auth config. Please ignore if you don't have images in an authenticated registry. Details: (dockerImageName: testcontainers/ryuk:0.6.0, configFile: /home/cdecl/.docker/config.json, configEnv: DOCKER_AUTH_CONFIG). Falling back to docker-java default behaviour. Exception message: Status 404: No config supplied. Checked in order: /home/cdecl/.docker/config.json (file not found), DOCKER_AUTH_CONFIG (not set)
01:34:04.446 [Test worker] INFO tc.testcontainers/ryuk:0.6.0 -- Container testcontainers/ryuk:0.6.0 is starting: 15dd18287672a2b7c1013eeff9362ac6b20271c74f43f4b0310c3e2d37a8fcb0
01:34:05.579 [Test worker] INFO tc.testcontainers/ryuk:0.6.0 -- Container testcontainers/ryuk:0.6.0 started in PT4.645864996S
01:34:05.583 [Test worker] INFO org.testcontainers.utility.RyukResourceReaper -- Ryuk started - will monitor and terminate Testcontainers containers on JVM exit
01:34:05.583 [Test worker] INFO org.testcontainers.DockerClientFactory -- Checking the system...
01:34:05.584 [Test worker] INFO org.testcontainers.DockerClientFactory -- ✔︎ Docker server version should be at least 1.6.0
01:34:05.585 [Test worker] INFO tc.postgres:15-alpine -- Creating container for image: postgres:15-alpine
01:34:10.443 [Test worker] INFO tc.postgres:15-alpine -- Container postgres:15-alpine is starting: 720b1e74fa346760b19b5063a38f4389126e23774e347f916a570270962b5c40
01:34:17.958 [Test worker] INFO tc.postgres:15-alpine -- Container postgres:15-alpine started in PT12.372817419S
01:34:17.958 [Test worker] INFO tc.postgres:15-alpine -- Container is started (JDBC URL: jdbc:postgresql://localhost:32791/test?loggerLevel=OFF)

  .   ____          _            __ _ _
 /\\ / ___'_ __ _ _(_)_ __  __ _ \ \ \ \
( ( )\___ | '_ | '_| | '_ \/ _` | \ \ \ \
 \\/  ___)| |_)| | | | | || (_| |  ) ) ) )
  '  |____| .__|_| |_|_| |_\__, | / / / /
 =========|_|==============|___/=/_/_/_/
 :: Spring Boot ::                (v3.2.5)

2026-03-25T01:34:18.595+03:00  INFO 1538687 --- [    Test worker] ru.msu.web.dao.AssignmentDaoTest         : Starting AssignmentDaoTest using Java 17.0.18 with PID 1538687 (started by cdecl in /home/cdecl/web)
2026-03-25T01:34:18.596+03:00  INFO 1538687 --- [    Test worker] ru.msu.web.dao.AssignmentDaoTest         : No active profile set, falling back to 1 default profile: "default"
2026-03-25T01:34:19.057+03:00  INFO 1538687 --- [    Test worker] .s.d.r.c.RepositoryConfigurationDelegate : Bootstrapping Spring Data JPA repositories in DEFAULT mode.
2026-03-25T01:34:19.132+03:00  INFO 1538687 --- [    Test worker] .s.d.r.c.RepositoryConfigurationDelegate : Finished Spring Data repository scanning in 64 ms. Found 6 JPA repository interfaces.
2026-03-25T01:34:19.566+03:00  INFO 1538687 --- [    Test worker] o.hibernate.jpa.internal.util.LogHelper  : HHH000204: Processing PersistenceUnitInfo [name: default]
2026-03-25T01:34:19.635+03:00  INFO 1538687 --- [    Test worker] org.hibernate.Version                    : HHH000412: Hibernate ORM core version 6.4.4.Final
2026-03-25T01:34:19.678+03:00  INFO 1538687 --- [    Test worker] o.h.c.internal.RegionFactoryInitiator    : HHH000026: Second-level cache disabled
2026-03-25T01:34:19.999+03:00  INFO 1538687 --- [    Test worker] o.s.o.j.p.SpringPersistenceUnitInfo      : No LoadTimeWeaver setup: ignoring JPA class transformer
2026-03-25T01:34:20.035+03:00  INFO 1538687 --- [    Test worker] com.zaxxer.hikari.HikariDataSource       : HikariPool-1 - Starting...
2026-03-25T01:34:20.084+03:00  INFO 1538687 --- [    Test worker] com.zaxxer.hikari.pool.HikariPool        : HikariPool-1 - Added connection org.postgresql.jdbc.PgConnection@26dcce41
2026-03-25T01:34:20.086+03:00  INFO 1538687 --- [    Test worker] com.zaxxer.hikari.HikariDataSource       : HikariPool-1 - Start completed.
2026-03-25T01:34:21.632+03:00  INFO 1538687 --- [    Test worker] o.h.e.t.j.p.i.JtaPlatformInitiator       : HHH000489: No JTA platform available (set 'hibernate.transaction.jta.platform' to enable JTA platform integration)
2026-03-25T01:34:21.635+03:00  INFO 1538687 --- [    Test worker] j.LocalContainerEntityManagerFactoryBean : Initialized JPA EntityManagerFactory for persistence unit 'default'
2026-03-25T01:34:22.010+03:00  INFO 1538687 --- [    Test worker] o.s.d.j.r.query.QueryEnhancerFactory     : Hibernate is in classpath; If applicable, HQL parser will be used.
2026-03-25T01:34:23.006+03:00  INFO 1538687 --- [    Test worker] ru.msu.web.dao.AssignmentDaoTest         : Started AssignmentDaoTest in 4.709 seconds (process running for 24.923)
Hibernate: 
    select
        e1_0.employeeid,
        e1_0.address,
        e1_0.birthdate,
        e1_0.degree,
        e1_0.email,
        e1_0.fullname,
        e1_0.hiredate,
        e1_0.leavedate,
        e1_0.phonenumber 
    from
        employees e1_0 
    where
        e1_0.employeeid=?
Hibernate: 
    select
        p1_0.projectid,
        p1_0.enddate,
        p1_0.projectname,
        p1_0.projectstatus,
        p1_0.startdate 
    from
        projects p1_0 
    where
        p1_0.projectid=?
Hibernate: 
    select
        p1_0.positionid,
        p1_0.name 
    from
        positions p1_0 
    where
        p1_0.positionid=?
Hibernate: 
    insert 
    into
        assignments
        (employeeid, enddate, positionid, projectid, startdate, weeklyhours) 
    values
        (?, ?, ?, ?, ?, ?)
Hibernate: 
    select
        a1_0.assignmentid,
        a1_0.employeeid,
        a1_0.enddate,
        a1_0.positionid,
        p2_0.positionid,
        p2_0.name,
        a1_0.projectid,
        p1_0.projectid,
        p1_0.enddate,
        p1_0.projectname,
        p1_0.projectstatus,
        p1_0.startdate,
        a1_0.startdate,
        a1_0.weeklyhours 
    from
        assignments a1_0 
    join
        projects p1_0 
            on p1_0.projectid=a1_0.projectid 
    join
        positions p2_0 
            on p2_0.positionid=a1_0.positionid 
    where
        a1_0.employeeid=? 
        and a1_0.enddate is null
Hibernate: 
    select
        a1_0.assignmentid,
        a1_0.employeeid,
        a1_0.enddate,
        a1_0.positionid,
        p2_0.positionid,
        p2_0.name,
        a1_0.projectid,
        p1_0.projectid,
        p1_0.enddate,
        p1_0.projectname,
        p1_0.projectstatus,
        p1_0.startdate,
        a1_0.startdate,
        a1_0.weeklyhours 
    from
        assignments a1_0 
    join
        projects p1_0 
            on p1_0.projectid=a1_0.projectid 
    join
        positions p2_0 
            on p2_0.positionid=a1_0.positionid 
    where
        a1_0.employeeid=? 
        and a1_0.enddate is null
Hibernate: 
    select
        a1_0.assignmentid,
        a1_0.employeeid,
        e1_0.employeeid,
        e1_0.address,
        e1_0.birthdate,
        e1_0.degree,
        e1_0.email,
        e1_0.fullname,
        e1_0.hiredate,
        e1_0.leavedate,
        e1_0.phonenumber,
        a1_0.enddate,
        a1_0.positionid,
        p1_0.positionid,
        p1_0.name,
        a1_0.projectid,
        a1_0.startdate,
        a1_0.weeklyhours 
    from
        assignments a1_0 
    join
        employees e1_0 
            on e1_0.employeeid=a1_0.employeeid 
    join
        positions p1_0 
            on p1_0.positionid=a1_0.positionid 
    where
        a1_0.projectid=? 
        and a1_0.enddate is null
Hibernate: 
    select
        a1_0.assignmentid,
        a1_0.employeeid,
        a1_0.enddate,
        a1_0.positionid,
        p2_0.positionid,
        p2_0.name,
        a1_0.projectid,
        p1_0.projectid,
        p1_0.enddate,
        p1_0.projectname,
        p1_0.projectstatus,
        p1_0.startdate,
        a1_0.startdate,
        a1_0.weeklyhours 
    from
        assignments a1_0 
    join
        projects p1_0 
            on p1_0.projectid=a1_0.projectid 
    join
        positions p2_0 
            on p2_0.positionid=a1_0.positionid 
    where
        a1_0.employeeid=?
Hibernate: 
    select
        a1_0.assignmentid,
        a1_0.employeeid,
        a1_0.enddate,
        a1_0.positionid,
        a1_0.projectid,
        a1_0.startdate,
        a1_0.weeklyhours 
    from
        assignments a1_0 
    where
        a1_0.assignmentid=?
Hibernate: 
    select
        a1_0.assignmentid,
        a1_0.employeeid,
        a1_0.enddate,
        a1_0.positionid,
        p2_0.positionid,
        p2_0.name,
        a1_0.projectid,
        p1_0.projectid,
        p1_0.enddate,
        p1_0.projectname,
        p1_0.projectstatus,
        p1_0.startdate,
        a1_0.startdate,
        a1_0.weeklyhours 
    from
        assignments a1_0 
    join
        projects p1_0 
            on p1_0.projectid=a1_0.projectid 
    join
        positions p2_0 
            on p2_0.positionid=a1_0.positionid 
    where
        a1_0.employeeid=? 
        and a1_0.enddate is null
Hibernate: 
    select
        a1_0.assignmentid,
        a1_0.employeeid,
        e1_0.employeeid,
        e1_0.address,
        e1_0.birthdate,
        e1_0.degree,
        e1_0.email,
        e1_0.fullname,
        e1_0.hiredate,
        e1_0.leavedate,
        e1_0.phonenumber,
        a1_0.enddate,
        a1_0.positionid,
        p1_0.positionid,
        p1_0.name,
        a1_0.projectid,
        a1_0.startdate,
        a1_0.weeklyhours 
    from
        assignments a1_0 
    join
        employees e1_0 
            on e1_0.employeeid=a1_0.employeeid 
    join
        positions p1_0 
            on p1_0.positionid=a1_0.positionid 
    where
        a1_0.projectid=? 
        and a1_0.enddate is null
Hibernate: 
    select
        a1_0.assignmentid,
        a1_0.employeeid,
        e1_0.employeeid,
        e1_0.address,
        e1_0.birthdate,
        e1_0.degree,
        e1_0.email,
        e1_0.fullname,
        e1_0.hiredate,
        e1_0.leavedate,
        e1_0.phonenumber,
        a1_0.enddate,
        a1_0.positionid,
        p1_0.positionid,
        p1_0.name,
        a1_0.projectid,
        a1_0.startdate,
        a1_0.weeklyhours 
    from
        assignments a1_0 
    join
        employees e1_0 
            on e1_0.employeeid=a1_0.employeeid 
    join
        positions p1_0 
            on p1_0.positionid=a1_0.positionid 
    where
        a1_0.projectid=?
Hibernate: 
    select
        a1_0.assignmentid,
        a1_0.employeeid,
        a1_0.enddate,
        a1_0.positionid,
        p2_0.positionid,
        p2_0.name,
        a1_0.projectid,
        p1_0.projectid,
        p1_0.enddate,
        p1_0.projectname,
        p1_0.projectstatus,
        p1_0.startdate,
        a1_0.startdate,
        a1_0.weeklyhours 
    from
        assignments a1_0 
    join
        projects p1_0 
            on p1_0.projectid=a1_0.projectid 
    join
        positions p2_0 
            on p2_0.positionid=a1_0.positionid 
    where
        a1_0.employeeid=?
Hibernate: 
    select
        a1_0.assignmentid,
        a1_0.employeeid,
        e1_0.employeeid,
        e1_0.address,
        e1_0.birthdate,
        e1_0.degree,
        e1_0.email,
        e1_0.fullname,
        e1_0.hiredate,
        e1_0.leavedate,
        e1_0.phonenumber,
        a1_0.enddate,
        a1_0.positionid,
        p1_0.positionid,
        p1_0.name,
        a1_0.projectid,
        a1_0.startdate,
        a1_0.weeklyhours 
    from
        assignments a1_0 
    join
        employees e1_0 
            on e1_0.employeeid=a1_0.employeeid 
    join
        positions p1_0 
            on p1_0.positionid=a1_0.positionid 
    where
        a1_0.projectid=?
Hibernate: 
    select
        e1_0.employeeid,
        e1_0.address,
        e1_0.birthdate,
        e1_0.degree,
        e1_0.email,
        e1_0.fullname,
        e1_0.hiredate,
        e1_0.leavedate,
        e1_0.phonenumber 
    from
        employees e1_0 
    where
        e1_0.employeeid=?
]]></system-out>
  <system-err><![CDATA[]]></system-err>
</testsuite>
