<?xml version="1.0" encoding="UTF-8"?>
<testsuite name="ru.msu.web.dao.AssignmentDaoTest" tests="12" skipped="0" failures="0" errors="0" timestamp="2026-03-26T13:51:23" hostname="cdecl" time="0.954">
  <properties/>
  <testcase name="assignToProject_valid()" classname="ru.msu.web.dao.AssignmentDaoTest" time="0.737"/>
  <testcase name="getCurrentEmployeeAssignments_found()" classname="ru.msu.web.dao.AssignmentDaoTest" time="0.093"/>
  <testcase name="getCurrentEmployeeAssignments_notFound()" classname="ru.msu.web.dao.AssignmentDaoTest" time="0.01"/>
  <testcase name="getCurrentProjectMembers_notFound()" classname="ru.msu.web.dao.AssignmentDaoTest" time="0.012"/>
  <testcase name="getEmployeeAssignments_notFound()" classname="ru.msu.web.dao.AssignmentDaoTest" time="0.008"/>
  <testcase name="removeFromProject_invalid()" classname="ru.msu.web.dao.AssignmentDaoTest" time="0.008"/>
  <testcase name="removeFromProject_valid()" classname="ru.msu.web.dao.AssignmentDaoTest" time="0.012"/>
  <testcase name="getCurrentProjectMembers_found()" classname="ru.msu.web.dao.AssignmentDaoTest" time="0.014"/>
  <testcase name="getProjectAssignments_found()" classname="ru.msu.web.dao.AssignmentDaoTest" time="0.018"/>
  <testcase name="getEmployeeAssignments_found()" classname="ru.msu.web.dao.AssignmentDaoTest" time="0.012"/>
  <testcase name="getProjectAssignments_notFound()" classname="ru.msu.web.dao.AssignmentDaoTest" time="0.008"/>
  <testcase name="assignToProject_invalid()" classname="ru.msu.web.dao.AssignmentDaoTest" time="0.007"/>
  <system-out><![CDATA[16:50:50.721 [Test worker] INFO org.springframework.test.context.support.AnnotationConfigContextLoaderUtils -- Could not detect default configuration classes for test class [ru.msu.web.dao.AssignmentDaoTest]: AssignmentDaoTest does not declare any static, non-private, non-final, nested classes annotated with @Configuration.
16:50:50.937 [Test worker] INFO org.springframework.boot.test.context.SpringBootTestContextBootstrapper -- Found @SpringBootConfiguration ru.msu.web.WebApplication for test class ru.msu.web.dao.AssignmentDaoTest
16:50:51.265 [Test worker] INFO org.testcontainers.images.PullPolicy -- Image pull policy will be performed by: DefaultPullPolicy()
16:50:51.270 [Test worker] INFO org.testcontainers.utility.ImageNameSubstitutor -- Image name substitution will be performed by: DefaultImageNameSubstitutor (composite of 'ConfigurationFileImageNameSubstitutor' and 'PrefixingImageNameSubstitutor')
16:50:51.556 [Test worker] INFO org.testcontainers.dockerclient.DockerClientProviderStrategy -- Loaded org.testcontainers.dockerclient.UnixSocketClientProviderStrategy from ~/.testcontainers.properties, will try it first
16:50:53.582 [Test worker] INFO org.testcontainers.dockerclient.DockerClientProviderStrategy -- Found Docker environment with local Unix socket (unix:///var/run/docker.sock)
16:50:53.584 [Test worker] INFO org.testcontainers.DockerClientFactory -- Docker host IP address is localhost
16:50:53.606 [Test worker] INFO org.testcontainers.DockerClientFactory -- Connected to docker: 
  Server Version: 28.4.0
  API Version: 1.51
  Operating System: Ubuntu Core 24
  Total Memory: 15841 MB
16:50:53.924 [Test worker] INFO tc.testcontainers/ryuk:0.6.0 -- Creating container for image: testcontainers/ryuk:0.6.0
16:50:53.930 [Test worker] INFO org.testcontainers.utility.RegistryAuthLocator -- Failure when attempting to lookup auth config. Please ignore if you don't have images in an authenticated registry. Details: (dockerImageName: testcontainers/ryuk:0.6.0, configFile: /home/cdecl/.docker/config.json, configEnv: DOCKER_AUTH_CONFIG). Falling back to docker-java default behaviour. Exception message: Status 404: No config supplied. Checked in order: /home/cdecl/.docker/config.json (file not found), DOCKER_AUTH_CONFIG (not set)
16:51:00.258 [Test worker] INFO tc.testcontainers/ryuk:0.6.0 -- Container testcontainers/ryuk:0.6.0 is starting: fee30b0ea9dc142386f3f2dd2ca9000c9447f56e13d37855f55e0b6df2afdda3
16:51:03.222 [Test worker] INFO tc.testcontainers/ryuk:0.6.0 -- Container testcontainers/ryuk:0.6.0 started in PT9.298634406S
16:51:03.227 [Test worker] INFO org.testcontainers.utility.RyukResourceReaper -- Ryuk started - will monitor and terminate Testcontainers containers on JVM exit
16:51:03.227 [Test worker] INFO org.testcontainers.DockerClientFactory -- Checking the system...
16:51:03.228 [Test worker] INFO org.testcontainers.DockerClientFactory -- ✔︎ Docker server version should be at least 1.6.0
16:51:03.229 [Test worker] INFO tc.postgres:15-alpine -- Creating container for image: postgres:15-alpine
16:51:08.006 [Test worker] INFO tc.postgres:15-alpine -- Container postgres:15-alpine is starting: b6a7fa487018a8d1c7bff19f93aa0d4ad7d84f13b8d2a11e4d651a14cb07a38e
16:51:17.207 [Test worker] INFO tc.postgres:15-alpine -- Container postgres:15-alpine started in PT13.978375917S
16:51:17.208 [Test worker] INFO tc.postgres:15-alpine -- Container is started (JDBC URL: jdbc:postgresql://localhost:32793/test?loggerLevel=OFF)

  .   ____          _            __ _ _
 /\\ / ___'_ __ _ _(_)_ __  __ _ \ \ \ \
( ( )\___ | '_ | '_| | '_ \/ _` | \ \ \ \
 \\/  ___)| |_)| | | | | || (_| |  ) ) ) )
  '  |____| .__|_| |_|_| |_\__, | / / / /
 =========|_|==============|___/=/_/_/_/
 :: Spring Boot ::                (v3.2.5)

2026-03-26T16:51:18.155+03:00  INFO 1702563 --- [    Test worker] ru.msu.web.dao.AssignmentDaoTest         : Starting AssignmentDaoTest using Java 17.0.18 with PID 1702563 (started by cdecl in /home/cdecl/web)
2026-03-26T16:51:18.157+03:00  INFO 1702563 --- [    Test worker] ru.msu.web.dao.AssignmentDaoTest         : No active profile set, falling back to 1 default profile: "default"
2026-03-26T16:51:18.937+03:00  INFO 1702563 --- [    Test worker] .s.d.r.c.RepositoryConfigurationDelegate : Bootstrapping Spring Data JPA repositories in DEFAULT mode.
2026-03-26T16:51:19.027+03:00  INFO 1702563 --- [    Test worker] .s.d.r.c.RepositoryConfigurationDelegate : Finished Spring Data repository scanning in 76 ms. Found 6 JPA repository interfaces.
2026-03-26T16:51:19.620+03:00  INFO 1702563 --- [    Test worker] o.hibernate.jpa.internal.util.LogHelper  : HHH000204: Processing PersistenceUnitInfo [name: default]
2026-03-26T16:51:19.924+03:00  INFO 1702563 --- [    Test worker] org.hibernate.Version                    : HHH000412: Hibernate ORM core version 6.4.4.Final
2026-03-26T16:51:19.963+03:00  INFO 1702563 --- [    Test worker] o.h.c.internal.RegionFactoryInitiator    : HHH000026: Second-level cache disabled
2026-03-26T16:51:20.338+03:00  INFO 1702563 --- [    Test worker] o.s.o.j.p.SpringPersistenceUnitInfo      : No LoadTimeWeaver setup: ignoring JPA class transformer
2026-03-26T16:51:20.378+03:00  INFO 1702563 --- [    Test worker] com.zaxxer.hikari.HikariDataSource       : HikariPool-1 - Starting...
2026-03-26T16:51:20.436+03:00  INFO 1702563 --- [    Test worker] com.zaxxer.hikari.pool.HikariPool        : HikariPool-1 - Added connection org.postgresql.jdbc.PgConnection@4110e631
2026-03-26T16:51:20.439+03:00  INFO 1702563 --- [    Test worker] com.zaxxer.hikari.HikariDataSource       : HikariPool-1 - Start completed.
2026-03-26T16:51:22.002+03:00  INFO 1702563 --- [    Test worker] o.h.e.t.j.p.i.JtaPlatformInitiator       : HHH000489: No JTA platform available (set 'hibernate.transaction.jta.platform' to enable JTA platform integration)
2026-03-26T16:51:22.005+03:00  INFO 1702563 --- [    Test worker] j.LocalContainerEntityManagerFactoryBean : Initialized JPA EntityManagerFactory for persistence unit 'default'
2026-03-26T16:51:22.592+03:00  INFO 1702563 --- [    Test worker] o.s.d.j.r.query.QueryEnhancerFactory     : Hibernate is in classpath; If applicable, HQL parser will be used.
2026-03-26T16:51:23.511+03:00  INFO 1702563 --- [    Test worker] ru.msu.web.dao.AssignmentDaoTest         : Started AssignmentDaoTest in 5.702 seconds (process running for 34.932)
Hibernate: 
    select
        e1_0.employeeid,
        e1_0.address,
        e1_0.birthdate,
        e1_0.degree,
        e1_0.email,
        e1_0.fullname,
        e1_0.hiredate,
        e1_0.leavedate,
        e1_0.phonenumber 
    from
        employees e1_0 
    where
        e1_0.employeeid=?
Hibernate: 
    select
        p1_0.projectid,
        p1_0.enddate,
        p1_0.projectname,
        p1_0.projectstatus,
        p1_0.startdate 
    from
        projects p1_0 
    where
        p1_0.projectid=?
Hibernate: 
    select
        p1_0.positionid,
        p1_0.name 
    from
        positions p1_0 
    where
        p1_0.positionid=?
Hibernate: 
    insert 
    into
        assignments
        (employeeid, enddate, positionid, projectid, startdate, weeklyhours) 
    values
        (?, ?, ?, ?, ?, ?)
Hibernate: 
    select
        a1_0.assignmentid,
        a1_0.employeeid,
        a1_0.enddate,
        a1_0.positionid,
        p2_0.positionid,
        p2_0.name,
        a1_0.projectid,
        p1_0.projectid,
        p1_0.enddate,
        p1_0.projectname,
        p1_0.projectstatus,
        p1_0.startdate,
        a1_0.startdate,
        a1_0.weeklyhours 
    from
        assignments a1_0 
    join
        projects p1_0 
            on p1_0.projectid=a1_0.projectid 
    join
        positions p2_0 
            on p2_0.positionid=a1_0.positionid 
    where
        a1_0.employeeid=? 
        and a1_0.enddate is null
Hibernate: 
    select
        a1_0.assignmentid,
        a1_0.employeeid,
        a1_0.enddate,
        a1_0.positionid,
        p2_0.positionid,
        p2_0.name,
        a1_0.projectid,
        p1_0.projectid,
        p1_0.enddate,
        p1_0.projectname,
        p1_0.projectstatus,
        p1_0.startdate,
        a1_0.startdate,
        a1_0.weeklyhours 
    from
        assignments a1_0 
    join
        projects p1_0 
            on p1_0.projectid=a1_0.projectid 
    join
        positions p2_0 
            on p2_0.positionid=a1_0.positionid 
    where
        a1_0.employeeid=? 
        and a1_0.enddate is null
Hibernate: 
    select
        a1_0.assignmentid,
        a1_0.employeeid,
        e1_0.employeeid,
        e1_0.address,
        e1_0.birthdate,
        e1_0.degree,
        e1_0.email,
        e1_0.fullname,
        e1_0.hiredate,
        e1_0.leavedate,
        e1_0.phonenumber,
        a1_0.enddate,
        a1_0.positionid,
        p1_0.positionid,
        p1_0.name,
        a1_0.projectid,
        a1_0.startdate,
        a1_0.weeklyhours 
    from
        assignments a1_0 
    join
        employees e1_0 
            on e1_0.employeeid=a1_0.employeeid 
    join
        positions p1_0 
            on p1_0.positionid=a1_0.positionid 
    where
        a1_0.projectid=? 
        and a1_0.enddate is null
Hibernate: 
    select
        a1_0.assignmentid,
        a1_0.employeeid,
        a1_0.enddate,
        a1_0.positionid,
        p2_0.positionid,
        p2_0.name,
        a1_0.projectid,
        p1_0.projectid,
        p1_0.enddate,
        p1_0.projectname,
        p1_0.projectstatus,
        p1_0.startdate,
        a1_0.startdate,
        a1_0.weeklyhours 
    from
        assignments a1_0 
    join
        projects p1_0 
            on p1_0.projectid=a1_0.projectid 
    join
        positions p2_0 
            on p2_0.positionid=a1_0.positionid 
    where
        a1_0.employeeid=?
Hibernate: 
    select
        a1_0.assignmentid,
        a1_0.employeeid,
        a1_0.enddate,
        a1_0.positionid,
        a1_0.projectid,
        a1_0.startdate,
        a1_0.weeklyhours 
    from
        assignments a1_0 
    where
        a1_0.assignmentid=?
Hibernate: 
    select
        a1_0.assignmentid,
        a1_0.employeeid,
        a1_0.enddate,
        a1_0.positionid,
        p2_0.positionid,
        p2_0.name,
        a1_0.projectid,
        p1_0.projectid,
        p1_0.enddate,
        p1_0.projectname,
        p1_0.projectstatus,
        p1_0.startdate,
        a1_0.startdate,
        a1_0.weeklyhours 
    from
        assignments a1_0 
    join
        projects p1_0 
            on p1_0.projectid=a1_0.projectid 
    join
        positions p2_0 
            on p2_0.positionid=a1_0.positionid 
    where
        a1_0.employeeid=? 
        and a1_0.enddate is null
Hibernate: 
    select
        a1_0.assignmentid,
        a1_0.employeeid,
        e1_0.employeeid,
        e1_0.address,
        e1_0.birthdate,
        e1_0.degree,
        e1_0.email,
        e1_0.fullname,
        e1_0.hiredate,
        e1_0.leavedate,
        e1_0.phonenumber,
        a1_0.enddate,
        a1_0.positionid,
        p1_0.positionid,
        p1_0.name,
        a1_0.projectid,
        a1_0.startdate,
        a1_0.weeklyhours 
    from
        assignments a1_0 
    join
        employees e1_0 
            on e1_0.employeeid=a1_0.employeeid 
    join
        positions p1_0 
            on p1_0.positionid=a1_0.positionid 
    where
        a1_0.projectid=? 
        and a1_0.enddate is null
Hibernate: 
    select
        a1_0.assignmentid,
        a1_0.employeeid,
        e1_0.employeeid,
        e1_0.address,
        e1_0.birthdate,
        e1_0.degree,
        e1_0.email,
        e1_0.fullname,
        e1_0.hiredate,
        e1_0.leavedate,
        e1_0.phonenumber,
        a1_0.enddate,
        a1_0.positionid,
        p1_0.positionid,
        p1_0.name,
        a1_0.projectid,
        a1_0.startdate,
        a1_0.weeklyhours 
    from
        assignments a1_0 
    join
        employees e1_0 
            on e1_0.employeeid=a1_0.employeeid 
    join
        positions p1_0 
            on p1_0.positionid=a1_0.positionid 
    where
        a1_0.projectid=?
Hibernate: 
    select
        a1_0.assignmentid,
        a1_0.employeeid,
        a1_0.enddate,
        a1_0.positionid,
        p2_0.positionid,
        p2_0.name,
        a1_0.projectid,
        p1_0.projectid,
        p1_0.enddate,
        p1_0.projectname,
        p1_0.projectstatus,
        p1_0.startdate,
        a1_0.startdate,
        a1_0.weeklyhours 
    from
        assignments a1_0 
    join
        projects p1_0 
            on p1_0.projectid=a1_0.projectid 
    join
        positions p2_0 
            on p2_0.positionid=a1_0.positionid 
    where
        a1_0.employeeid=?
Hibernate: 
    select
        a1_0.assignmentid,
        a1_0.employeeid,
        e1_0.employeeid,
        e1_0.address,
        e1_0.birthdate,
        e1_0.degree,
        e1_0.email,
        e1_0.fullname,
        e1_0.hiredate,
        e1_0.leavedate,
        e1_0.phonenumber,
        a1_0.enddate,
        a1_0.positionid,
        p1_0.positionid,
        p1_0.name,
        a1_0.projectid,
        a1_0.startdate,
        a1_0.weeklyhours 
    from
        assignments a1_0 
    join
        employees e1_0 
            on e1_0.employeeid=a1_0.employeeid 
    join
        positions p1_0 
            on p1_0.positionid=a1_0.positionid 
    where
        a1_0.projectid=?
Hibernate: 
    select
        e1_0.employeeid,
        e1_0.address,
        e1_0.birthdate,
        e1_0.degree,
        e1_0.email,
        e1_0.fullname,
        e1_0.hiredate,
        e1_0.leavedate,
        e1_0.phonenumber 
    from
        employees e1_0 
    where
        e1_0.employeeid=?
]]></system-out>
  <system-err><![CDATA[]]></system-err>
</testsuite>
