<?xml version="1.0" encoding="UTF-8"?>
<testsuite name="ru.msu.web.dao.PositionDaoTest" tests="9" skipped="0" failures="0" errors="0" timestamp="2026-04-28T17:18:38" hostname="cdecl" time="0.061">
  <properties/>
  <testcase name="save_createsNewPosition()" classname="ru.msu.web.dao.PositionDaoTest" time="0.006"/>
  <testcase name="searchByName_found()" classname="ru.msu.web.dao.PositionDaoTest" time="0.005"/>
  <testcase name="findByName_found()" classname="ru.msu.web.dao.PositionDaoTest" time="0.008"/>
  <testcase name="delete_existingPosition()" classname="ru.msu.web.dao.PositionDaoTest" time="0.007"/>
  <testcase name="findById_notFound()" classname="ru.msu.web.dao.PositionDaoTest" time="0.006"/>
  <testcase name="searchByName_notFound()" classname="ru.msu.web.dao.PositionDaoTest" time="0.006"/>
  <testcase name="findByName_notFound()" classname="ru.msu.web.dao.PositionDaoTest" time="0.006"/>
  <testcase name="findById_found()" classname="ru.msu.web.dao.PositionDaoTest" time="0.004"/>
  <testcase name="findAll_returnsAllPositions()" classname="ru.msu.web.dao.PositionDaoTest" time="0.006"/>
  <system-out><![CDATA[2026-04-28T20:18:38.668+03:00  INFO 2212791 --- [    Test worker] t.c.s.AnnotationConfigContextLoaderUtils : Could not detect default configuration classes for test class [ru.msu.web.dao.PositionDaoTest]: PositionDaoTest does not declare any static, non-private, non-final, nested classes annotated with @Configuration.
2026-04-28T20:18:38.671+03:00  INFO 2212791 --- [    Test worker] .b.t.c.SpringBootTestContextBootstrapper : Found @SpringBootConfiguration ru.msu.web.WebApplication for test class ru.msu.web.dao.PositionDaoTest
Hibernate: 
    insert 
    into
        positions
        (name) 
    values
        (?)
Hibernate: 
    select
        p1_0.positionid,
        p1_0.name 
    from
        positions p1_0 
    where
        upper(p1_0.name) like upper(?) escape '\'
Hibernate: 
    select
        p1_0.positionid,
        p1_0.name 
    from
        positions p1_0 
    where
        upper(p1_0.name)=upper(?)
Hibernate: 
    insert 
    into
        positions
        (name) 
    values
        (?)
Hibernate: 
    select
        p1_0.positionid,
        p1_0.name 
    from
        positions p1_0 
    where
        p1_0.positionid=?
Hibernate: 
    select
        p1_0.positionid,
        p1_0.name 
    from
        positions p1_0 
    where
        upper(p1_0.name) like upper(?) escape '\'
Hibernate: 
    select
        p1_0.positionid,
        p1_0.name 
    from
        positions p1_0 
    where
        upper(p1_0.name)=upper(?)
Hibernate: 
    select
        p1_0.positionid,
        p1_0.name 
    from
        positions p1_0 
    where
        p1_0.positionid=?
Hibernate: 
    select
        p1_0.positionid,
        p1_0.name 
    from
        positions p1_0
]]></system-out>
  <system-err><![CDATA[]]></system-err>
</testsuite>
